2025-07-03 03:09:08 -04:00: >>>>>>>>>>>>>>>>>>process.env.ENVIRONMENT: development
2025-07-03 03:09:13 -04:00: MYSQL --> Connection to DB has been established successfully.
2025-07-03 03:09:13 -04:00: 🚀 Server running at https://localhost:5000
2025-07-03 03:11:13 -04:00: [0mGET / [32m200[0m 12.451 ms - 1795[0m
2025-07-03 03:11:13 -04:00: [0mGET /logo.png [32m200[0m 3.005 ms - 1795[0m
2025-07-03 03:11:13 -04:00: [0mGET /favicon.ico [32m200[0m 1.402 ms - 1795[0m
2025-07-03 03:16:37 -04:00: [0mGET / [36m304[0m 1.411 ms - -[0m
2025-07-03 03:16:37 -04:00: [0mGET /logo.png [36m304[0m 0.681 ms - -[0m
2025-07-03 03:16:37 -04:00: [0mGET /favicon.ico [36m304[0m 0.904 ms - -[0m
2025-07-03 03:19:33 -04:00: >>>>>>>>>>>>>>>>>>process.env.ENVIRONMENT: development
2025-07-03 03:19:39 -04:00: 🚀 Server running at https://localhost:5000
2025-07-03 03:19:39 -04:00: MYSQL --> Connection to DB has been established successfully.
2025-07-03 03:32:19 -04:00: >>>>>>>>>>>>>>>>>>process.env.ENVIRONMENT: development
2025-07-03 03:32:25 -04:00: 🚀 Server running at https://localhost:5000
2025-07-03 03:32:25 -04:00: MYSQL --> Connection to DB has been established successfully.
2025-07-03 05:05:32 -04:00: >>>>>>>>>>>>>>>>>>process.env.ENVIRONMENT: development
2025-07-03 05:05:40 -04:00: >>>>>>>>>>>>>>>>>>process.env.ENVIRONMENT: development
2025-07-03 05:05:46 -04:00: MYSQL --> Connection to DB has been established successfully.
2025-07-03 05:05:46 -04:00: 🚀 Server running at https://localhost:5000
2025-07-03 05:05:53 -04:00: >>>>>>>>>>>>>>>>>>process.env.ENVIRONMENT: development
2025-07-03 05:06:01 -04:00: >>>>>>>>>>>>>>>>>>process.env.ENVIRONMENT: development
2025-07-03 05:06:07 -04:00: 🚀 Server running at https://localhost:5000
2025-07-03 05:06:07 -04:00: MYSQL --> Connection to DB has been established successfully.
2025-07-03 05:06:14 -04:00: >>>>>>>>>>>>>>>>>>process.env.ENVIRONMENT: development
2025-07-03 05:06:19 -04:00: >>>>>>>>>>>>>>>>>>process.env.ENVIRONMENT: development
2025-07-03 05:06:22 -04:00: >>>>>>>>>>>>>>>>>>process.env.ENVIRONMENT: development
2025-07-03 05:06:28 -04:00: MYSQL --> Connection to DB has been established successfully.
2025-07-03 05:06:28 -04:00: 🚀 Server running at https://localhost:5000
2025-07-03 05:06:31 -04:00: >>>>>>>>>>>>>>>>>>process.env.ENVIRONMENT: development
2025-07-03 05:06:39 -04:00: >>>>>>>>>>>>>>>>>>process.env.ENVIRONMENT: development
2025-07-03 05:06:45 -04:00: 🚀 Server running at https://localhost:5000
2025-07-03 05:06:45 -04:00: MYSQL --> Connection to DB has been established successfully.
2025-07-03 05:06:55 -04:00: >>>>>>>>>>>>>>>>>>process.env.ENVIRONMENT: development
2025-07-03 05:07:02 -04:00: 🚀 Server running at https://localhost:5000
2025-07-03 05:07:02 -04:00: MYSQL --> Connection to DB has been established successfully.
2025-07-03 05:07:22 -04:00: >>>>>>>>>>>>>>>>>>process.env.ENVIRONMENT: development
2025-07-03 05:07:28 -04:00: >>>>>>>>>>>>>>>>>>process.env.ENVIRONMENT: development
2025-07-03 05:07:34 -04:00: 🚀 Server running at https://localhost:5000
2025-07-03 05:07:34 -04:00: MYSQL --> Connection to DB has been established successfully.
2025-07-03 05:07:37 -04:00: >>>>>>>>>>>>>>>>>>process.env.ENVIRONMENT: development
2025-07-03 05:07:43 -04:00: 🚀 Server running at https://localhost:5000
2025-07-03 05:07:43 -04:00: MYSQL --> Connection to DB has been established successfully.
2025-07-03 05:08:26 -04:00: >>>>>>>>>>>>>>>>>>process.env.ENVIRONMENT: development
2025-07-03 05:08:30 -04:00: >>>>>>>>>>>>>>>>>>process.env.ENVIRONMENT: development
2025-07-03 05:08:34 -04:00: >>>>>>>>>>>>>>>>>>process.env.ENVIRONMENT: development
2025-07-03 05:08:41 -04:00: MYSQL --> Connection to DB has been established successfully.
2025-07-03 05:08:41 -04:00: 🚀 Server running at https://localhost:5000
