2025-07-03 02:32:25 -04:00: WARNING: NODE_APP_INSTANCE value of '0' did not match any instance config file names.
2025-07-03 02:32:25 -04:00: WARNING: See https://github.com/node-config/node-config/wiki/Strict-Mode
2025-07-03 02:32:25 -04:00: WARNING: No configurations found in configuration directory:/var/www/html/visitorbook.qa/visitorbook_backend/config
2025-07-03 02:32:25 -04:00: WARNING: To disable this warning set SUPPRESS_NO_CONFIG_WARNING in the environment.
2025-07-03 02:32:28 -04:00: (node:55807) Warning: Accessing non-existent property 'appSettingsSchema' of module exports inside circular dependency
(Use `node --trace-warnings ...` to show where the warning was created)
2025-07-03 02:32:28 -04:00: (node:55807) NOTE: The AWS SDK for JavaScript (v2) is in maintenance mode.
 SDK releases are limited to address critical bug fixes and security issues only.

Please migrate your code to use AWS SDK for JavaScript (v3).
For more information, check the blog post at https://a.co/cUPnyil
2025-07-03 02:39:21 -04:00: WARNING: NODE_APP_INSTANCE value of '0' did not match any instance config file names.
2025-07-03 02:39:21 -04:00: WARNING: See https://github.com/node-config/node-config/wiki/Strict-Mode
2025-07-03 02:39:21 -04:00: WARNING: No configurations found in configuration directory:/var/www/html/visitorbook.qa/visitorbook_backend/config
2025-07-03 02:39:21 -04:00: WARNING: To disable this warning set SUPPRESS_NO_CONFIG_WARNING in the environment.
2025-07-03 02:39:23 -04:00: (node:55912) Warning: Accessing non-existent property 'appSettingsSchema' of module exports inside circular dependency
(Use `node --trace-warnings ...` to show where the warning was created)
2025-07-03 02:39:23 -04:00: (node:55912) NOTE: The AWS SDK for JavaScript (v2) is in maintenance mode.
 SDK releases are limited to address critical bug fixes and security issues only.

Please migrate your code to use AWS SDK for JavaScript (v3).
For more information, check the blog post at https://a.co/cUPnyil
2025-07-03 02:53:10 -04:00: WARNING: NODE_APP_INSTANCE value of '0' did not match any instance config file names.
2025-07-03 02:53:10 -04:00: WARNING: See https://github.com/node-config/node-config/wiki/Strict-Mode
2025-07-03 02:53:10 -04:00: WARNING: No configurations found in configuration directory:/var/www/html/visitorbook.qa/visitorbook_backend/config
2025-07-03 02:53:10 -04:00: WARNING: To disable this warning set SUPPRESS_NO_CONFIG_WARNING in the environment.
2025-07-03 02:53:12 -04:00: (node:56316) Warning: Accessing non-existent property 'appSettingsSchema' of module exports inside circular dependency
(Use `node --trace-warnings ...` to show where the warning was created)
2025-07-03 02:53:12 -04:00: (node:56316) NOTE: The AWS SDK for JavaScript (v2) is in maintenance mode.
 SDK releases are limited to address critical bug fixes and security issues only.

Please migrate your code to use AWS SDK for JavaScript (v3).
For more information, check the blog post at https://a.co/cUPnyil
